2022-08-31 15:14:57,727 bbtmf-15t00l3 surefirebooter17543830530588868837.jar[988] INFO  [org.jbo.threads] (main) JBoss Threads version 3.4.2.Final
2022-08-31 15:44:11,996 bbtmf-15t00l3 proj-compras-dev.jar[24392] WARN  [org.hib.too.sch.int.ExceptionHandlerLoggedImpl] (JPA Startup Thread: <default>) GenerationTarget encountered exception accepting command : Error executing DDL "create table EnderecoEntity (id bigint generated by default as identity, bairro varchar(255), cep varchar(255), cidade varchar(255), logradouro varchar(255), uf varchar(255), primary key (id))" via JDBC Statement: org.hibernate.tool.schema.spi.CommandAcceptanceException: Error executing DDL "create table EnderecoEntity (id bigint generated by default as identity, bairro varchar(255), cep varchar(255), cidade varchar(255), logradouro varchar(255), uf varchar(255), primary key (id))" via JDBC Statement
	at org.hibernate.tool.schema.internal.exec.GenerationTargetToDatabase.accept(GenerationTargetToDatabase.java:67)
	at org.hibernate.tool.schema.internal.SchemaCreatorImpl.applySqlString(SchemaCreatorImpl.java:458)
	at org.hibernate.tool.schema.internal.SchemaCreatorImpl.applySqlStrings(SchemaCreatorImpl.java:442)
	at org.hibernate.tool.schema.internal.SchemaCreatorImpl.createFromMetadata(SchemaCreatorImpl.java:325)
	at org.hibernate.tool.schema.internal.SchemaCreatorImpl.performCreation(SchemaCreatorImpl.java:169)
	at org.hibernate.tool.schema.internal.SchemaCreatorImpl.doCreation(SchemaCreatorImpl.java:138)
	at org.hibernate.tool.schema.internal.SchemaCreatorImpl.doCreation(SchemaCreatorImpl.java:124)
	at org.hibernate.tool.schema.spi.SchemaManagementToolCoordinator.performDatabaseAction(SchemaManagementToolCoordinator.java:138)
	at org.hibernate.tool.schema.spi.SchemaManagementToolCoordinator.process(SchemaManagementToolCoordinator.java:81)
	at org.hibernate.internal.SessionFactoryImpl.<init>(SessionFactoryImpl.java:335)
	at io.quarkus.hibernate.orm.runtime.boot.FastBootEntityManagerFactoryBuilder.build(FastBootEntityManagerFactoryBuilder.java:74)
	at io.quarkus.hibernate.orm.runtime.FastBootHibernatePersistenceProvider.createEntityManagerFactory(FastBootHibernatePersistenceProvider.java:71)
	at javax.persistence.Persistence.createEntityManagerFactory(Persistence.java:80)
	at javax.persistence.Persistence.createEntityManagerFactory(Persistence.java:55)
	at io.quarkus.hibernate.orm.runtime.JPAConfig$LazyPersistenceUnit.get(JPAConfig.java:138)
	at io.quarkus.hibernate.orm.runtime.JPAConfig$1.run(JPAConfig.java:54)
	at java.base/java.lang.Thread.run(Thread.java:834)
Caused by: org.h2.jdbc.JdbcSQLException: Table "ENDERECOENTITY" already exists; SQL statement:
create table EnderecoEntity (id bigint generated by default as identity, bairro varchar(255), cep varchar(255), cidade varchar(255), logradouro varchar(255), uf varchar(255), primary key (id)) [42101-197]
	at org.h2.message.DbException.getJdbcSQLException(DbException.java:357)
	at org.h2.message.DbException.get(DbException.java:179)
	at org.h2.message.DbException.get(DbException.java:155)
	at org.h2.command.ddl.CreateTable.update(CreateTable.java:86)
	at org.h2.command.CommandContainer.update(CommandContainer.java:102)
	at org.h2.command.Command.executeUpdate(Command.java:261)
	at org.h2.jdbc.JdbcStatement.executeInternal(JdbcStatement.java:233)
	at org.h2.jdbc.JdbcStatement.execute(JdbcStatement.java:205)
	at io.agroal.pool.wrapper.StatementWrapper.execute(StatementWrapper.java:235)
	at org.hibernate.tool.schema.internal.exec.GenerationTargetToDatabase.accept(GenerationTargetToDatabase.java:54)
	... 16 more

2022-08-31 15:44:12,029 bbtmf-15t00l3 proj-compras-dev.jar[24392] WARN  [org.hib.too.sch.int.ExceptionHandlerLoggedImpl] (JPA Startup Thread: <default>) GenerationTarget encountered exception accepting command : Error executing DDL "create table ProdutoEntity (id bigint generated by default as identity, desconto decimal(19,2), descricao varchar(255), estoque integer, foto varchar(255), nome varchar(255), preco decimal(19,2), primary key (id))" via JDBC Statement: org.hibernate.tool.schema.spi.CommandAcceptanceException: Error executing DDL "create table ProdutoEntity (id bigint generated by default as identity, desconto decimal(19,2), descricao varchar(255), estoque integer, foto varchar(255), nome varchar(255), preco decimal(19,2), primary key (id))" via JDBC Statement
	at org.hibernate.tool.schema.internal.exec.GenerationTargetToDatabase.accept(GenerationTargetToDatabase.java:67)
	at org.hibernate.tool.schema.internal.SchemaCreatorImpl.applySqlString(SchemaCreatorImpl.java:458)
	at org.hibernate.tool.schema.internal.SchemaCreatorImpl.applySqlStrings(SchemaCreatorImpl.java:442)
	at org.hibernate.tool.schema.internal.SchemaCreatorImpl.createFromMetadata(SchemaCreatorImpl.java:325)
	at org.hibernate.tool.schema.internal.SchemaCreatorImpl.performCreation(SchemaCreatorImpl.java:169)
	at org.hibernate.tool.schema.internal.SchemaCreatorImpl.doCreation(SchemaCreatorImpl.java:138)
	at org.hibernate.tool.schema.internal.SchemaCreatorImpl.doCreation(SchemaCreatorImpl.java:124)
	at org.hibernate.tool.schema.spi.SchemaManagementToolCoordinator.performDatabaseAction(SchemaManagementToolCoordinator.java:138)
	at org.hibernate.tool.schema.spi.SchemaManagementToolCoordinator.process(SchemaManagementToolCoordinator.java:81)
	at org.hibernate.internal.SessionFactoryImpl.<init>(SessionFactoryImpl.java:335)
	at io.quarkus.hibernate.orm.runtime.boot.FastBootEntityManagerFactoryBuilder.build(FastBootEntityManagerFactoryBuilder.java:74)
	at io.quarkus.hibernate.orm.runtime.FastBootHibernatePersistenceProvider.createEntityManagerFactory(FastBootHibernatePersistenceProvider.java:71)
	at javax.persistence.Persistence.createEntityManagerFactory(Persistence.java:80)
	at javax.persistence.Persistence.createEntityManagerFactory(Persistence.java:55)
	at io.quarkus.hibernate.orm.runtime.JPAConfig$LazyPersistenceUnit.get(JPAConfig.java:138)
	at io.quarkus.hibernate.orm.runtime.JPAConfig$1.run(JPAConfig.java:54)
	at java.base/java.lang.Thread.run(Thread.java:834)
Caused by: org.h2.jdbc.JdbcSQLException: Table "PRODUTOENTITY" already exists; SQL statement:
create table ProdutoEntity (id bigint generated by default as identity, desconto decimal(19,2), descricao varchar(255), estoque integer, foto varchar(255), nome varchar(255), preco decimal(19,2), primary key (id)) [42101-197]
	at org.h2.message.DbException.getJdbcSQLException(DbException.java:357)
	at org.h2.message.DbException.get(DbException.java:179)
	at org.h2.message.DbException.get(DbException.java:155)
	at org.h2.command.ddl.CreateTable.update(CreateTable.java:86)
	at org.h2.command.CommandContainer.update(CommandContainer.java:102)
	at org.h2.command.Command.executeUpdate(Command.java:261)
	at org.h2.jdbc.JdbcStatement.executeInternal(JdbcStatement.java:233)
	at org.h2.jdbc.JdbcStatement.execute(JdbcStatement.java:205)
	at io.agroal.pool.wrapper.StatementWrapper.execute(StatementWrapper.java:235)
	at org.hibernate.tool.schema.internal.exec.GenerationTargetToDatabase.accept(GenerationTargetToDatabase.java:54)
	... 16 more

2022-08-31 15:44:12,043 bbtmf-15t00l3 proj-compras-dev.jar[24392] WARN  [org.hib.too.sch.int.ExceptionHandlerLoggedImpl] (JPA Startup Thread: <default>) GenerationTarget encountered exception accepting command : Error executing DDL "create table tb_cliente (id bigint generated by default as identity, cpf varchar(255), email varchar(255), nome varchar(255), senha varchar(255), primary key (id))" via JDBC Statement: org.hibernate.tool.schema.spi.CommandAcceptanceException: Error executing DDL "create table tb_cliente (id bigint generated by default as identity, cpf varchar(255), email varchar(255), nome varchar(255), senha varchar(255), primary key (id))" via JDBC Statement
	at org.hibernate.tool.schema.internal.exec.GenerationTargetToDatabase.accept(GenerationTargetToDatabase.java:67)
	at org.hibernate.tool.schema.internal.SchemaCreatorImpl.applySqlString(SchemaCreatorImpl.java:458)
	at org.hibernate.tool.schema.internal.SchemaCreatorImpl.applySqlStrings(SchemaCreatorImpl.java:442)
	at org.hibernate.tool.schema.internal.SchemaCreatorImpl.createFromMetadata(SchemaCreatorImpl.java:325)
	at org.hibernate.tool.schema.internal.SchemaCreatorImpl.performCreation(SchemaCreatorImpl.java:169)
	at org.hibernate.tool.schema.internal.SchemaCreatorImpl.doCreation(SchemaCreatorImpl.java:138)
	at org.hibernate.tool.schema.internal.SchemaCreatorImpl.doCreation(SchemaCreatorImpl.java:124)
	at org.hibernate.tool.schema.spi.SchemaManagementToolCoordinator.performDatabaseAction(SchemaManagementToolCoordinator.java:138)
	at org.hibernate.tool.schema.spi.SchemaManagementToolCoordinator.process(SchemaManagementToolCoordinator.java:81)
	at org.hibernate.internal.SessionFactoryImpl.<init>(SessionFactoryImpl.java:335)
	at io.quarkus.hibernate.orm.runtime.boot.FastBootEntityManagerFactoryBuilder.build(FastBootEntityManagerFactoryBuilder.java:74)
	at io.quarkus.hibernate.orm.runtime.FastBootHibernatePersistenceProvider.createEntityManagerFactory(FastBootHibernatePersistenceProvider.java:71)
	at javax.persistence.Persistence.createEntityManagerFactory(Persistence.java:80)
	at javax.persistence.Persistence.createEntityManagerFactory(Persistence.java:55)
	at io.quarkus.hibernate.orm.runtime.JPAConfig$LazyPersistenceUnit.get(JPAConfig.java:138)
	at io.quarkus.hibernate.orm.runtime.JPAConfig$1.run(JPAConfig.java:54)
	at java.base/java.lang.Thread.run(Thread.java:834)
Caused by: org.h2.jdbc.JdbcSQLException: Table "TB_CLIENTE" already exists; SQL statement:
create table tb_cliente (id bigint generated by default as identity, cpf varchar(255), email varchar(255), nome varchar(255), senha varchar(255), primary key (id)) [42101-197]
	at org.h2.message.DbException.getJdbcSQLException(DbException.java:357)
	at org.h2.message.DbException.get(DbException.java:179)
	at org.h2.message.DbException.get(DbException.java:155)
	at org.h2.command.ddl.CreateTable.update(CreateTable.java:86)
	at org.h2.command.CommandContainer.update(CommandContainer.java:102)
	at org.h2.command.Command.executeUpdate(Command.java:261)
	at org.h2.jdbc.JdbcStatement.executeInternal(JdbcStatement.java:233)
	at org.h2.jdbc.JdbcStatement.execute(JdbcStatement.java:205)
	at io.agroal.pool.wrapper.StatementWrapper.execute(StatementWrapper.java:235)
	at org.hibernate.tool.schema.internal.exec.GenerationTargetToDatabase.accept(GenerationTargetToDatabase.java:54)
	... 16 more

2022-08-31 15:44:14,009 bbtmf-15t00l3 proj-compras-dev.jar[24392] INFO  [io.quarkus] (Quarkus Main Thread) proj-compras 1.0-SNAPSHOT on JVM (powered by Quarkus 2.7.6.Final) started in 19.995s. Listening on: http://localhost:8080
2022-08-31 15:44:14,014 bbtmf-15t00l3 proj-compras-dev.jar[24392] INFO  [io.quarkus] (Quarkus Main Thread) Profile dev activated. Live Coding activated.
2022-08-31 15:44:14,019 bbtmf-15t00l3 proj-compras-dev.jar[24392] INFO  [io.quarkus] (Quarkus Main Thread) Installed features: [agroal, cdi, hibernate-orm, hibernate-validator, jdbc-h2, narayana-jta, rest-client, rest-client-jackson, resteasy, servlet, smallrye-context-propagation, vertx]
2022-08-31 15:44:34,484 bbtmf-15t00l3 proj-compras-dev.jar[24392] WARNING [org.aes.rea.ter.imp.AbstractWindowsTerminal] (Shutdown thread) Failed to write out.
2022-08-31 15:44:34,482 bbtmf-15t00l3 proj-compras-dev.jar[24392] INFO  [io.quarkus] (Shutdown thread) proj-compras stopped in 0.122s
2022-08-31 17:07:02,990 bbtmf-15t00l3 surefirebooter8596295331952886205.jar[25400] INFO  [org.jbo.threads] (main) JBoss Threads version 3.4.2.Final
2022-08-31 17:11:41,368 bbtmf-15t00l3 proj-compras-dev.jar[29988] WARN  [org.hib.too.sch.int.ExceptionHandlerLoggedImpl] (JPA Startup Thread: <default>) GenerationTarget encountered exception accepting command : Error executing DDL "create table EnderecoEntity (id bigint generated by default as identity, bairro varchar(255), cep varchar(255), cidade varchar(255), logradouro varchar(255), uf varchar(255), primary key (id))" via JDBC Statement: org.hibernate.tool.schema.spi.CommandAcceptanceException: Error executing DDL "create table EnderecoEntity (id bigint generated by default as identity, bairro varchar(255), cep varchar(255), cidade varchar(255), logradouro varchar(255), uf varchar(255), primary key (id))" via JDBC Statement
	at org.hibernate.tool.schema.internal.exec.GenerationTargetToDatabase.accept(GenerationTargetToDatabase.java:67)
	at org.hibernate.tool.schema.internal.SchemaCreatorImpl.applySqlString(SchemaCreatorImpl.java:458)
	at org.hibernate.tool.schema.internal.SchemaCreatorImpl.applySqlStrings(SchemaCreatorImpl.java:442)
	at org.hibernate.tool.schema.internal.SchemaCreatorImpl.createFromMetadata(SchemaCreatorImpl.java:325)
	at org.hibernate.tool.schema.internal.SchemaCreatorImpl.performCreation(SchemaCreatorImpl.java:169)
	at org.hibernate.tool.schema.internal.SchemaCreatorImpl.doCreation(SchemaCreatorImpl.java:138)
	at org.hibernate.tool.schema.internal.SchemaCreatorImpl.doCreation(SchemaCreatorImpl.java:124)
	at org.hibernate.tool.schema.spi.SchemaManagementToolCoordinator.performDatabaseAction(SchemaManagementToolCoordinator.java:138)
	at org.hibernate.tool.schema.spi.SchemaManagementToolCoordinator.process(SchemaManagementToolCoordinator.java:81)
	at org.hibernate.internal.SessionFactoryImpl.<init>(SessionFactoryImpl.java:335)
	at io.quarkus.hibernate.orm.runtime.boot.FastBootEntityManagerFactoryBuilder.build(FastBootEntityManagerFactoryBuilder.java:74)
	at io.quarkus.hibernate.orm.runtime.FastBootHibernatePersistenceProvider.createEntityManagerFactory(FastBootHibernatePersistenceProvider.java:71)
	at javax.persistence.Persistence.createEntityManagerFactory(Persistence.java:80)
	at javax.persistence.Persistence.createEntityManagerFactory(Persistence.java:55)
	at io.quarkus.hibernate.orm.runtime.JPAConfig$LazyPersistenceUnit.get(JPAConfig.java:138)
	at io.quarkus.hibernate.orm.runtime.JPAConfig$1.run(JPAConfig.java:54)
	at java.base/java.lang.Thread.run(Thread.java:834)
Caused by: org.h2.jdbc.JdbcSQLException: Table "ENDERECOENTITY" already exists; SQL statement:
create table EnderecoEntity (id bigint generated by default as identity, bairro varchar(255), cep varchar(255), cidade varchar(255), logradouro varchar(255), uf varchar(255), primary key (id)) [42101-197]
	at org.h2.message.DbException.getJdbcSQLException(DbException.java:357)
	at org.h2.message.DbException.get(DbException.java:179)
	at org.h2.message.DbException.get(DbException.java:155)
	at org.h2.command.ddl.CreateTable.update(CreateTable.java:86)
	at org.h2.command.CommandContainer.update(CommandContainer.java:102)
	at org.h2.command.Command.executeUpdate(Command.java:261)
	at org.h2.jdbc.JdbcStatement.executeInternal(JdbcStatement.java:233)
	at org.h2.jdbc.JdbcStatement.execute(JdbcStatement.java:205)
	at io.agroal.pool.wrapper.StatementWrapper.execute(StatementWrapper.java:235)
	at org.hibernate.tool.schema.internal.exec.GenerationTargetToDatabase.accept(GenerationTargetToDatabase.java:54)
	... 16 more

2022-08-31 17:11:41,393 bbtmf-15t00l3 proj-compras-dev.jar[29988] WARN  [org.hib.too.sch.int.ExceptionHandlerLoggedImpl] (JPA Startup Thread: <default>) GenerationTarget encountered exception accepting command : Error executing DDL "create table ProdutoEntity (id bigint generated by default as identity, desconto decimal(19,2), descricao varchar(255), estoque integer, foto varchar(255), nome varchar(255), preco decimal(19,2), primary key (id))" via JDBC Statement: org.hibernate.tool.schema.spi.CommandAcceptanceException: Error executing DDL "create table ProdutoEntity (id bigint generated by default as identity, desconto decimal(19,2), descricao varchar(255), estoque integer, foto varchar(255), nome varchar(255), preco decimal(19,2), primary key (id))" via JDBC Statement
	at org.hibernate.tool.schema.internal.exec.GenerationTargetToDatabase.accept(GenerationTargetToDatabase.java:67)
	at org.hibernate.tool.schema.internal.SchemaCreatorImpl.applySqlString(SchemaCreatorImpl.java:458)
	at org.hibernate.tool.schema.internal.SchemaCreatorImpl.applySqlStrings(SchemaCreatorImpl.java:442)
	at org.hibernate.tool.schema.internal.SchemaCreatorImpl.createFromMetadata(SchemaCreatorImpl.java:325)
	at org.hibernate.tool.schema.internal.SchemaCreatorImpl.performCreation(SchemaCreatorImpl.java:169)
	at org.hibernate.tool.schema.internal.SchemaCreatorImpl.doCreation(SchemaCreatorImpl.java:138)
	at org.hibernate.tool.schema.internal.SchemaCreatorImpl.doCreation(SchemaCreatorImpl.java:124)
	at org.hibernate.tool.schema.spi.SchemaManagementToolCoordinator.performDatabaseAction(SchemaManagementToolCoordinator.java:138)
	at org.hibernate.tool.schema.spi.SchemaManagementToolCoordinator.process(SchemaManagementToolCoordinator.java:81)
	at org.hibernate.internal.SessionFactoryImpl.<init>(SessionFactoryImpl.java:335)
	at io.quarkus.hibernate.orm.runtime.boot.FastBootEntityManagerFactoryBuilder.build(FastBootEntityManagerFactoryBuilder.java:74)
	at io.quarkus.hibernate.orm.runtime.FastBootHibernatePersistenceProvider.createEntityManagerFactory(FastBootHibernatePersistenceProvider.java:71)
	at javax.persistence.Persistence.createEntityManagerFactory(Persistence.java:80)
	at javax.persistence.Persistence.createEntityManagerFactory(Persistence.java:55)
	at io.quarkus.hibernate.orm.runtime.JPAConfig$LazyPersistenceUnit.get(JPAConfig.java:138)
	at io.quarkus.hibernate.orm.runtime.JPAConfig$1.run(JPAConfig.java:54)
	at java.base/java.lang.Thread.run(Thread.java:834)
Caused by: org.h2.jdbc.JdbcSQLException: Table "PRODUTOENTITY" already exists; SQL statement:
create table ProdutoEntity (id bigint generated by default as identity, desconto decimal(19,2), descricao varchar(255), estoque integer, foto varchar(255), nome varchar(255), preco decimal(19,2), primary key (id)) [42101-197]
	at org.h2.message.DbException.getJdbcSQLException(DbException.java:357)
	at org.h2.message.DbException.get(DbException.java:179)
	at org.h2.message.DbException.get(DbException.java:155)
	at org.h2.command.ddl.CreateTable.update(CreateTable.java:86)
	at org.h2.command.CommandContainer.update(CommandContainer.java:102)
	at org.h2.command.Command.executeUpdate(Command.java:261)
	at org.h2.jdbc.JdbcStatement.executeInternal(JdbcStatement.java:233)
	at org.h2.jdbc.JdbcStatement.execute(JdbcStatement.java:205)
	at io.agroal.pool.wrapper.StatementWrapper.execute(StatementWrapper.java:235)
	at org.hibernate.tool.schema.internal.exec.GenerationTargetToDatabase.accept(GenerationTargetToDatabase.java:54)
	... 16 more

2022-08-31 17:11:41,409 bbtmf-15t00l3 proj-compras-dev.jar[29988] WARN  [org.hib.too.sch.int.ExceptionHandlerLoggedImpl] (JPA Startup Thread: <default>) GenerationTarget encountered exception accepting command : Error executing DDL "create table tb_cliente (id bigint generated by default as identity, cpf varchar(255), email varchar(255), nome varchar(255), senha varchar(255), primary key (id))" via JDBC Statement: org.hibernate.tool.schema.spi.CommandAcceptanceException: Error executing DDL "create table tb_cliente (id bigint generated by default as identity, cpf varchar(255), email varchar(255), nome varchar(255), senha varchar(255), primary key (id))" via JDBC Statement
	at org.hibernate.tool.schema.internal.exec.GenerationTargetToDatabase.accept(GenerationTargetToDatabase.java:67)
	at org.hibernate.tool.schema.internal.SchemaCreatorImpl.applySqlString(SchemaCreatorImpl.java:458)
	at org.hibernate.tool.schema.internal.SchemaCreatorImpl.applySqlStrings(SchemaCreatorImpl.java:442)
	at org.hibernate.tool.schema.internal.SchemaCreatorImpl.createFromMetadata(SchemaCreatorImpl.java:325)
	at org.hibernate.tool.schema.internal.SchemaCreatorImpl.performCreation(SchemaCreatorImpl.java:169)
	at org.hibernate.tool.schema.internal.SchemaCreatorImpl.doCreation(SchemaCreatorImpl.java:138)
	at org.hibernate.tool.schema.internal.SchemaCreatorImpl.doCreation(SchemaCreatorImpl.java:124)
	at org.hibernate.tool.schema.spi.SchemaManagementToolCoordinator.performDatabaseAction(SchemaManagementToolCoordinator.java:138)
	at org.hibernate.tool.schema.spi.SchemaManagementToolCoordinator.process(SchemaManagementToolCoordinator.java:81)
	at org.hibernate.internal.SessionFactoryImpl.<init>(SessionFactoryImpl.java:335)
	at io.quarkus.hibernate.orm.runtime.boot.FastBootEntityManagerFactoryBuilder.build(FastBootEntityManagerFactoryBuilder.java:74)
	at io.quarkus.hibernate.orm.runtime.FastBootHibernatePersistenceProvider.createEntityManagerFactory(FastBootHibernatePersistenceProvider.java:71)
	at javax.persistence.Persistence.createEntityManagerFactory(Persistence.java:80)
	at javax.persistence.Persistence.createEntityManagerFactory(Persistence.java:55)
	at io.quarkus.hibernate.orm.runtime.JPAConfig$LazyPersistenceUnit.get(JPAConfig.java:138)
	at io.quarkus.hibernate.orm.runtime.JPAConfig$1.run(JPAConfig.java:54)
	at java.base/java.lang.Thread.run(Thread.java:834)
Caused by: org.h2.jdbc.JdbcSQLException: Table "TB_CLIENTE" already exists; SQL statement:
create table tb_cliente (id bigint generated by default as identity, cpf varchar(255), email varchar(255), nome varchar(255), senha varchar(255), primary key (id)) [42101-197]
	at org.h2.message.DbException.getJdbcSQLException(DbException.java:357)
	at org.h2.message.DbException.get(DbException.java:179)
	at org.h2.message.DbException.get(DbException.java:155)
	at org.h2.command.ddl.CreateTable.update(CreateTable.java:86)
	at org.h2.command.CommandContainer.update(CommandContainer.java:102)
	at org.h2.command.Command.executeUpdate(Command.java:261)
	at org.h2.jdbc.JdbcStatement.executeInternal(JdbcStatement.java:233)
	at org.h2.jdbc.JdbcStatement.execute(JdbcStatement.java:205)
	at io.agroal.pool.wrapper.StatementWrapper.execute(StatementWrapper.java:235)
	at org.hibernate.tool.schema.internal.exec.GenerationTargetToDatabase.accept(GenerationTargetToDatabase.java:54)
	... 16 more

2022-08-31 17:11:42,394 bbtmf-15t00l3 proj-compras-dev.jar[29988] ERROR [io.qua.run.Application] (Quarkus Main Thread) Port 8080 seems to be in use by another process. Quarkus may already be running or the port is used by another application.
2022-08-31 17:11:42,398 bbtmf-15t00l3 proj-compras-dev.jar[29988] WARN  [io.qua.run.Application] (Quarkus Main Thread) Use 'netstat -a -b -n -o' to identify the process occupying the port.
2022-08-31 17:11:42,400 bbtmf-15t00l3 proj-compras-dev.jar[29988] WARN  [io.qua.run.Application] (Quarkus Main Thread) You can try to kill it with 'taskkill /PID <pid>' or via the Task Manager.
2022-08-31 17:22:09,290 bbtmf-15t00l3 proj-compras-dev.jar[29988] INFO  [io.qua.dep.dev.RuntimeUpdatesProcessor] (Aesh InputStream Reader) Restarting as requested by the user.
2022-08-31 17:22:10,798 bbtmf-15t00l3 proj-compras-dev.jar[29988] INFO  [io.quarkus] (Quarkus Main Thread) proj-compras 1.0-SNAPSHOT on JVM (powered by Quarkus 2.7.6.Final) started in 1.468s. Listening on: http://localhost:8080
2022-08-31 17:22:10,805 bbtmf-15t00l3 proj-compras-dev.jar[29988] INFO  [io.quarkus] (Quarkus Main Thread) Profile dev activated. Live Coding activated.
2022-08-31 17:22:10,811 bbtmf-15t00l3 proj-compras-dev.jar[29988] INFO  [io.quarkus] (Quarkus Main Thread) Installed features: [agroal, cdi, hibernate-orm, hibernate-validator, jdbc-h2, narayana-jta, rest-client, rest-client-jackson, resteasy, servlet, smallrye-context-propagation, vertx]
2022-08-31 17:22:10,817 bbtmf-15t00l3 proj-compras-dev.jar[29988] INFO  [io.qua.dep.dev.RuntimeUpdatesProcessor] (Aesh InputStream Reader) Live reload total time: 1.584s 
2022-08-31 17:57:13,582 bbtmf-15t00l3 proj-compras-dev.jar[29988] WARNING [org.aes.rea.ter.imp.AbstractWindowsTerminal] (Shutdown thread) Failed to write out.
2022-08-31 17:57:13,581 bbtmf-15t00l3 proj-compras-dev.jar[29988] INFO  [io.quarkus] (Shutdown thread) proj-compras stopped in 0.069s
2022-09-02 15:17:35,463 bbtmf-15t00l3 proj-compras-dev.jar[47928] INFO  [io.quarkus] (Quarkus Main Thread) proj-compras 1.0-SNAPSHOT on JVM (powered by Quarkus 2.7.6.Final) started in 9.547s. Listening on: http://localhost:9090
2022-09-02 15:17:35,486 bbtmf-15t00l3 proj-compras-dev.jar[47928] INFO  [io.quarkus] (Quarkus Main Thread) Profile dev activated. Live Coding activated.
2022-09-02 15:17:35,490 bbtmf-15t00l3 proj-compras-dev.jar[47928] INFO  [io.quarkus] (Quarkus Main Thread) Installed features: [agroal, cdi, hibernate-orm, hibernate-orm-panache, hibernate-validator, jdbc-h2, narayana-jta, rest-client, rest-client-jackson, resteasy, servlet, smallrye-context-propagation, vertx]
2022-09-02 17:08:21,979 bbtmf-15t00l3 proj-compras-dev.jar[47928] WARNING [org.aes.rea.ter.imp.AbstractWindowsTerminal] (Shutdown thread) Failed to write out.
2022-09-02 17:08:21,882 bbtmf-15t00l3 proj-compras-dev.jar[47928] INFO  [io.quarkus] (Shutdown thread) proj-compras stopped in 1.809s
2022-09-05 15:48:42,472 bbtmf-15t00l3 proj-compras-dev.jar[14324] WARN  [org.hib.too.sch.int.ExceptionHandlerLoggedImpl] (JPA Startup Thread: <default>) GenerationTarget encountered exception accepting command : Error executing DDL "insert into `tb_cliente` (`nome`, `cpf`, `email`, `senha`, `perfil`) values ('Joao','53487604674','joao@gmail.com','bla','ADMIN','779a923d69b2e072747b11975ba86949de167037')" via JDBC Statement: org.hibernate.tool.schema.spi.CommandAcceptanceException: Error executing DDL "insert into `tb_cliente` (`nome`, `cpf`, `email`, `senha`, `perfil`) values ('Joao','53487604674','joao@gmail.com','bla','ADMIN','779a923d69b2e072747b11975ba86949de167037')" via JDBC Statement
	at org.hibernate.tool.schema.internal.exec.GenerationTargetToDatabase.accept(GenerationTargetToDatabase.java:67)
	at org.hibernate.tool.schema.internal.SchemaCreatorImpl.applySqlString(SchemaCreatorImpl.java:458)
	at org.hibernate.tool.schema.internal.SchemaCreatorImpl.applyImportSources(SchemaCreatorImpl.java:514)
	at org.hibernate.tool.schema.internal.SchemaCreatorImpl.performCreation(SchemaCreatorImpl.java:183)
	at org.hibernate.tool.schema.internal.SchemaCreatorImpl.doCreation(SchemaCreatorImpl.java:138)
	at org.hibernate.tool.schema.internal.SchemaCreatorImpl.doCreation(SchemaCreatorImpl.java:124)
	at org.hibernate.tool.schema.spi.SchemaManagementToolCoordinator.performDatabaseAction(SchemaManagementToolCoordinator.java:164)
	at org.hibernate.tool.schema.spi.SchemaManagementToolCoordinator.process(SchemaManagementToolCoordinator.java:81)
	at org.hibernate.internal.SessionFactoryImpl.<init>(SessionFactoryImpl.java:335)
	at io.quarkus.hibernate.orm.runtime.boot.FastBootEntityManagerFactoryBuilder.build(FastBootEntityManagerFactoryBuilder.java:74)
	at io.quarkus.hibernate.orm.runtime.FastBootHibernatePersistenceProvider.createEntityManagerFactory(FastBootHibernatePersistenceProvider.java:71)
	at javax.persistence.Persistence.createEntityManagerFactory(Persistence.java:80)
	at javax.persistence.Persistence.createEntityManagerFactory(Persistence.java:55)
	at io.quarkus.hibernate.orm.runtime.JPAConfig$LazyPersistenceUnit.get(JPAConfig.java:138)
	at io.quarkus.hibernate.orm.runtime.JPAConfig$1.run(JPAConfig.java:54)
	at java.base/java.lang.Thread.run(Thread.java:834)
Caused by: org.h2.jdbc.JdbcSQLException: Column count does not match; SQL statement:
insert into `tb_cliente` (`nome`, `cpf`, `email`, `senha`, `perfil`) values ('Joao','53487604674','joao@gmail.com','bla','ADMIN','779a923d69b2e072747b11975ba86949de167037') [21002-197]
	at org.h2.message.DbException.getJdbcSQLException(DbException.java:357)
	at org.h2.message.DbException.get(DbException.java:179)
	at org.h2.message.DbException.get(DbException.java:155)
	at org.h2.message.DbException.get(DbException.java:144)
	at org.h2.command.dml.Insert.prepare(Insert.java:306)
	at org.h2.command.Parser.prepareCommand(Parser.java:283)
	at org.h2.engine.Session.prepareLocal(Session.java:611)
	at org.h2.engine.Session.prepareCommand(Session.java:549)
	at org.h2.jdbc.JdbcConnection.prepareCommand(JdbcConnection.java:1247)
	at org.h2.jdbc.JdbcStatement.executeInternal(JdbcStatement.java:217)
	at org.h2.jdbc.JdbcStatement.execute(JdbcStatement.java:205)
	at io.agroal.pool.wrapper.StatementWrapper.execute(StatementWrapper.java:235)
	at org.hibernate.tool.schema.internal.exec.GenerationTargetToDatabase.accept(GenerationTargetToDatabase.java:54)
	... 15 more

2022-09-05 15:48:44,367 bbtmf-15t00l3 proj-compras-dev.jar[14324] INFO  [io.quarkus] (Quarkus Main Thread) proj-compras 1.0-SNAPSHOT on JVM (powered by Quarkus 2.7.6.Final) started in 10.486s. Listening on: http://localhost:9090
2022-09-05 15:48:44,385 bbtmf-15t00l3 proj-compras-dev.jar[14324] INFO  [io.quarkus] (Quarkus Main Thread) Profile dev activated. Live Coding activated.
2022-09-05 15:48:44,391 bbtmf-15t00l3 proj-compras-dev.jar[14324] INFO  [io.quarkus] (Quarkus Main Thread) Installed features: [agroal, cdi, hibernate-orm, hibernate-orm-panache, hibernate-validator, jdbc-h2, narayana-jta, reactive-routes, rest-client, rest-client-jackson, resteasy, security, servlet, smallrye-context-propagation, smallrye-jwt, smallrye-openapi, swagger-ui, vertx]
2022-09-05 15:49:54,172 bbtmf-15t00l3 proj-compras-dev.jar[14324] WARNING [org.aes.rea.ter.imp.AbstractWindowsTerminal] (Shutdown thread) Failed to write out.
2022-09-05 15:49:54,168 bbtmf-15t00l3 proj-compras-dev.jar[14324] INFO  [io.quarkus] (Shutdown thread) proj-compras stopped in 0.175s
